<?xml version="1.0" encoding="UTF-8"?>
<testsuite xmlns:xsi="http://www.w3.org/2001/XMLSchema-instance" xsi:noNamespaceSchemaLocation="https://maven.apache.org/surefire/maven-surefire-plugin/xsd/surefire-test-report-3.0.xsd" version="3.0" name="com.sangita.wordprocessor.CountWordsTest" time="0.059" tests="3" errors="0" skipped="0" failures="0">
  <properties>
[...]
</properties>
  <testcase name="testCountWordsStartWithM" classname="com.sangita.wordprocessor.CountWordsTest" time="0.024"/>
  <testcase name="testEmptyFile" classname="com.sangita.wordprocessor.CountWordsTest" time="0.003"/>
  <testcase name="testWordsLongerThan" classname="com.sangita.wordprocessor.CountWordsTest" time="0.002"/>
</testsuite>